{"C:\\Users\\victo\\Proyectos\\showcase-portfolio\\mise_en_place_sk-PF\\src\\lib\\formatters.ts": {"path":"C:\\Users\\victo\\Proyectos\\showcase-portfolio\\mise_en_place_sk-PF\\src\\lib\\formatters.ts","all":false,"statementMap":{"0":{"start":{"line":1,"column":0},"end":{"line":1,"column":59}},"1":{"start":{"line":2,"column":0},"end":{"line":2,"column":28}},"2":{"start":{"line":3,"column":0},"end":{"line":3,"column":1}},"4":{"start":{"line":5,"column":0},"end":{"line":5,"column":60}},"5":{"start":{"line":6,"column":0},"end":{"line":6,"column":57}},"6":{"start":{"line":7,"column":0},"end":{"line":7,"column":1}},"8":{"start":{"line":9,"column":0},"end":{"line":9,"column":48}},"9":{"start":{"line":10,"column":0},"end":{"line":10,"column":39}},"10":{"start":{"line":11,"column":0},"end":{"line":11,"column":67}},"11":{"start":{"line":12,"column":0},"end":{"line":12,"column":51}},"12":{"start":{"line":13,"column":0},"end":{"line":13,"column":1}},"14":{"start":{"line":15,"column":0},"end":{"line":15,"column":43}},"15":{"start":{"line":16,"column":0},"end":{"line":16,"column":50}},"16":{"start":{"line":17,"column":0},"end":{"line":17,"column":20}},"17":{"start":{"line":18,"column":0},"end":{"line":18,"column":1}},"19":{"start":{"line":20,"column":0},"end":{"line":20,"column":103}},"22":{"start":{"line":23,"column":0},"end":{"line":23,"column":43}},"23":{"start":{"line":24,"column":0},"end":{"line":24,"column":33}},"24":{"start":{"line":25,"column":0},"end":{"line":25,"column":1}},"27":{"start":{"line":28,"column":0},"end":{"line":28,"column":50}},"28":{"start":{"line":29,"column":0},"end":{"line":29,"column":53}},"29":{"start":{"line":30,"column":0},"end":{"line":30,"column":1}},"32":{"start":{"line":33,"column":0},"end":{"line":33,"column":47}},"33":{"start":{"line":34,"column":0},"end":{"line":34,"column":39}},"34":{"start":{"line":35,"column":0},"end":{"line":35,"column":42}},"35":{"start":{"line":36,"column":0},"end":{"line":36,"column":25}},"36":{"start":{"line":37,"column":0},"end":{"line":37,"column":1}}},"s":{"0":1,"1":10,"2":10,"4":1,"5":6,"6":6,"8":1,"9":7,"10":5,"11":2,"12":2,"14":1,"15":9,"16":5,"17":5,"19":1,"22":1,"23":4,"24":4,"27":1,"28":4,"29":4,"32":1,"33":8,"34":8,"35":2,"36":2},"branchMap":{"0":{"type":"branch","line":1,"loc":{"start":{"line":1,"column":7},"end":{"line":3,"column":1}},"locations":[{"start":{"line":1,"column":7},"end":{"line":3,"column":1}}]},"1":{"type":"branch","line":2,"loc":{"start":{"line":2,"column":9},"end":{"line":2,"column":17}},"locations":[{"start":{"line":2,"column":9},"end":{"line":2,"column":17}}]},"2":{"type":"branch","line":5,"loc":{"start":{"line":5,"column":7},"end":{"line":7,"column":1}},"locations":[{"start":{"line":5,"column":7},"end":{"line":7,"column":1}}]},"3":{"type":"branch","line":6,"loc":{"start":{"line":6,"column":21},"end":{"line":6,"column":53}},"locations":[{"start":{"line":6,"column":21},"end":{"line":6,"column":53}}]},"4":{"type":"branch","line":6,"loc":{"start":{"line":6,"column":47},"end":{"line":6,"column":57}},"locations":[{"start":{"line":6,"column":47},"end":{"line":6,"column":57}}]},"5":{"type":"branch","line":9,"loc":{"start":{"line":9,"column":7},"end":{"line":13,"column":1}},"locations":[{"start":{"line":9,"column":7},"end":{"line":13,"column":1}}]},"6":{"type":"branch","line":10,"loc":{"start":{"line":10,"column":19},"end":{"line":10,"column":39}},"locations":[{"start":{"line":10,"column":19},"end":{"line":10,"column":39}}]},"7":{"type":"branch","line":10,"loc":{"start":{"line":10,"column":34},"end":{"line":13,"column":1}},"locations":[{"start":{"line":10,"column":34},"end":{"line":13,"column":1}}]},"8":{"type":"branch","line":11,"loc":{"start":{"line":11,"column":26},"end":{"line":11,"column":67}},"locations":[{"start":{"line":11,"column":26},"end":{"line":11,"column":67}}]},"9":{"type":"branch","line":11,"loc":{"start":{"line":11,"column":61},"end":{"line":13,"column":1}},"locations":[{"start":{"line":11,"column":61},"end":{"line":13,"column":1}}]},"10":{"type":"branch","line":15,"loc":{"start":{"line":15,"column":7},"end":{"line":18,"column":1}},"locations":[{"start":{"line":15,"column":7},"end":{"line":18,"column":1}}]},"11":{"type":"branch","line":16,"loc":{"start":{"line":16,"column":13},"end":{"line":16,"column":40}},"locations":[{"start":{"line":16,"column":13},"end":{"line":16,"column":40}}]},"12":{"type":"branch","line":16,"loc":{"start":{"line":16,"column":40},"end":{"line":18,"column":1}},"locations":[{"start":{"line":16,"column":40},"end":{"line":18,"column":1}}]},"13":{"type":"branch","line":16,"loc":{"start":{"line":16,"column":40},"end":{"line":16,"column":50}},"locations":[{"start":{"line":16,"column":40},"end":{"line":16,"column":50}}]},"14":{"type":"branch","line":16,"loc":{"start":{"line":16,"column":47},"end":{"line":18,"column":1}},"locations":[{"start":{"line":16,"column":47},"end":{"line":18,"column":1}}]},"15":{"type":"branch","line":23,"loc":{"start":{"line":23,"column":7},"end":{"line":25,"column":1}},"locations":[{"start":{"line":23,"column":7},"end":{"line":25,"column":1}}]},"16":{"type":"branch","line":28,"loc":{"start":{"line":28,"column":7},"end":{"line":30,"column":1}},"locations":[{"start":{"line":28,"column":7},"end":{"line":30,"column":1}}]},"17":{"type":"branch","line":33,"loc":{"start":{"line":33,"column":7},"end":{"line":37,"column":1}},"locations":[{"start":{"line":33,"column":7},"end":{"line":37,"column":1}}]},"18":{"type":"branch","line":34,"loc":{"start":{"line":34,"column":15},"end":{"line":34,"column":39}},"locations":[{"start":{"line":34,"column":15},"end":{"line":34,"column":39}}]},"19":{"type":"branch","line":34,"loc":{"start":{"line":34,"column":22},"end":{"line":35,"column":24}},"locations":[{"start":{"line":34,"column":22},"end":{"line":35,"column":24}}]},"20":{"type":"branch","line":35,"loc":{"start":{"line":35,"column":17},"end":{"line":35,"column":42}},"locations":[{"start":{"line":35,"column":17},"end":{"line":35,"column":42}}]},"21":{"type":"branch","line":35,"loc":{"start":{"line":35,"column":24},"end":{"line":37,"column":1}},"locations":[{"start":{"line":35,"column":24},"end":{"line":37,"column":1}}]}},"b":{"0":[10],"1":[4],"2":[6],"3":[2],"4":[4],"5":[7],"6":[2],"7":[5],"8":[3],"9":[2],"10":[9],"11":[7],"12":[7],"13":[4],"14":[5],"15":[4],"16":[4],"17":[8],"18":[2],"19":[6],"20":[4],"21":[2]},"fnMap":{"0":{"name":"fmt","decl":{"start":{"line":1,"column":7},"end":{"line":3,"column":1}},"loc":{"start":{"line":1,"column":7},"end":{"line":3,"column":1}},"line":1},"1":{"name":"truncate","decl":{"start":{"line":5,"column":7},"end":{"line":7,"column":1}},"loc":{"start":{"line":5,"column":7},"end":{"line":7,"column":1}},"line":5},"2":{"name":"fmtSize","decl":{"start":{"line":9,"column":7},"end":{"line":13,"column":1}},"loc":{"start":{"line":9,"column":7},"end":{"line":13,"column":1}},"line":9},"3":{"name":"str","decl":{"start":{"line":15,"column":7},"end":{"line":18,"column":1}},"loc":{"start":{"line":15,"column":7},"end":{"line":18,"column":1}},"line":15},"4":{"name":"fmtEur","decl":{"start":{"line":23,"column":7},"end":{"line":25,"column":1}},"loc":{"start":{"line":23,"column":7},"end":{"line":25,"column":1}},"line":23},"5":{"name":"fmtEurCompact","decl":{"start":{"line":28,"column":7},"end":{"line":30,"column":1}},"loc":{"start":{"line":28,"column":7},"end":{"line":30,"column":1}},"line":28},"6":{"name":"semColor","decl":{"start":{"line":33,"column":7},"end":{"line":37,"column":1}},"loc":{"start":{"line":33,"column":7},"end":{"line":37,"column":1}},"line":33}},"f":{"0":10,"1":6,"2":7,"3":9,"4":4,"5":4,"6":8}}
,"C:\\Users\\victo\\Proyectos\\showcase-portfolio\\mise_en_place_sk-PF\\src\\lib\\status.ts": {"path":"C:\\Users\\victo\\Proyectos\\showcase-portfolio\\mise_en_place_sk-PF\\src\\lib\\status.ts","all":false,"statementMap":{"2":{"start":{"line":3,"column":0},"end":{"line":3,"column":47}},"3":{"start":{"line":4,"column":0},"end":{"line":4,"column":51}},"4":{"start":{"line":5,"column":0},"end":{"line":5,"column":51}},"5":{"start":{"line":6,"column":0},"end":{"line":6,"column":53}},"6":{"start":{"line":7,"column":0},"end":{"line":7,"column":50}},"7":{"start":{"line":8,"column":0},"end":{"line":8,"column":32}},"8":{"start":{"line":9,"column":0},"end":{"line":9,"column":1}},"10":{"start":{"line":11,"column":0},"end":{"line":11,"column":46}},"11":{"start":{"line":12,"column":0},"end":{"line":12,"column":38}},"12":{"start":{"line":13,"column":0},"end":{"line":13,"column":28}},"13":{"start":{"line":14,"column":0},"end":{"line":14,"column":32}},"14":{"start":{"line":15,"column":0},"end":{"line":15,"column":30}},"15":{"start":{"line":16,"column":0},"end":{"line":16,"column":28}},"16":{"start":{"line":17,"column":0},"end":{"line":17,"column":22}},"17":{"start":{"line":18,"column":0},"end":{"line":18,"column":3}},"18":{"start":{"line":19,"column":0},"end":{"line":19,"column":20}},"19":{"start":{"line":20,"column":0},"end":{"line":20,"column":1}},"22":{"start":{"line":23,"column":0},"end":{"line":23,"column":65}},"23":{"start":{"line":24,"column":0},"end":{"line":24,"column":37}},"24":{"start":{"line":25,"column":0},"end":{"line":25,"column":40}},"25":{"start":{"line":26,"column":0},"end":{"line":26,"column":40}},"26":{"start":{"line":27,"column":0},"end":{"line":27,"column":25}},"27":{"start":{"line":28,"column":0},"end":{"line":28,"column":1}}},"s":{"2":1,"3":6,"4":6,"5":6,"6":6,"7":2,"8":2,"10":1,"11":6,"12":6,"13":6,"14":6,"15":6,"16":6,"17":6,"18":6,"19":6,"22":1,"23":10,"24":10,"25":10,"26":2,"27":2},"branchMap":{"0":{"type":"branch","line":3,"loc":{"start":{"line":3,"column":7},"end":{"line":9,"column":1}},"locations":[{"start":{"line":3,"column":7},"end":{"line":9,"column":1}}]},"1":{"type":"branch","line":4,"loc":{"start":{"line":4,"column":22},"end":{"line":4,"column":51}},"locations":[{"start":{"line":4,"column":22},"end":{"line":4,"column":51}}]},"2":{"type":"branch","line":4,"loc":{"start":{"line":4,"column":29},"end":{"line":5,"column":29}},"locations":[{"start":{"line":4,"column":29},"end":{"line":5,"column":29}}]},"3":{"type":"branch","line":5,"loc":{"start":{"line":5,"column":22},"end":{"line":5,"column":51}},"locations":[{"start":{"line":5,"column":22},"end":{"line":5,"column":51}}]},"4":{"type":"branch","line":5,"loc":{"start":{"line":5,"column":29},"end":{"line":6,"column":30}},"locations":[{"start":{"line":5,"column":29},"end":{"line":6,"column":30}}]},"5":{"type":"branch","line":6,"loc":{"start":{"line":6,"column":23},"end":{"line":6,"column":53}},"locations":[{"start":{"line":6,"column":23},"end":{"line":6,"column":53}}]},"6":{"type":"branch","line":6,"loc":{"start":{"line":6,"column":30},"end":{"line":7,"column":26}},"locations":[{"start":{"line":6,"column":30},"end":{"line":7,"column":26}}]},"7":{"type":"branch","line":7,"loc":{"start":{"line":7,"column":19},"end":{"line":7,"column":50}},"locations":[{"start":{"line":7,"column":19},"end":{"line":7,"column":50}}]},"8":{"type":"branch","line":7,"loc":{"start":{"line":7,"column":26},"end":{"line":9,"column":1}},"locations":[{"start":{"line":7,"column":26},"end":{"line":9,"column":1}}]},"9":{"type":"branch","line":11,"loc":{"start":{"line":11,"column":7},"end":{"line":20,"column":1}},"locations":[{"start":{"line":11,"column":7},"end":{"line":20,"column":1}}]},"10":{"type":"branch","line":19,"loc":{"start":{"line":19,"column":13},"end":{"line":19,"column":20}},"locations":[{"start":{"line":19,"column":13},"end":{"line":19,"column":20}}]},"11":{"type":"branch","line":23,"loc":{"start":{"line":23,"column":7},"end":{"line":28,"column":1}},"locations":[{"start":{"line":23,"column":7},"end":{"line":28,"column":1}}]},"12":{"type":"branch","line":24,"loc":{"start":{"line":24,"column":16},"end":{"line":24,"column":37}},"locations":[{"start":{"line":24,"column":16},"end":{"line":24,"column":37}}]},"13":{"type":"branch","line":24,"loc":{"start":{"line":24,"column":23},"end":{"line":25,"column":23}},"locations":[{"start":{"line":24,"column":23},"end":{"line":25,"column":23}}]},"14":{"type":"branch","line":25,"loc":{"start":{"line":25,"column":16},"end":{"line":25,"column":40}},"locations":[{"start":{"line":25,"column":16},"end":{"line":25,"column":40}}]},"15":{"type":"branch","line":25,"loc":{"start":{"line":25,"column":23},"end":{"line":26,"column":22}},"locations":[{"start":{"line":25,"column":23},"end":{"line":26,"column":22}}]},"16":{"type":"branch","line":26,"loc":{"start":{"line":26,"column":15},"end":{"line":26,"column":40}},"locations":[{"start":{"line":26,"column":15},"end":{"line":26,"column":40}}]},"17":{"type":"branch","line":26,"loc":{"start":{"line":26,"column":22},"end":{"line":28,"column":1}},"locations":[{"start":{"line":26,"column":22},"end":{"line":28,"column":1}}]}},"b":{"0":[6],"1":[1],"2":[5],"3":[1],"4":[4],"5":[1],"6":[3],"7":[1],"8":[2],"9":[6],"10":[1],"11":[10],"12":[2],"13":[8],"14":[3],"15":[5],"16":[3],"17":[2]},"fnMap":{"0":{"name":"badgeClass","decl":{"start":{"line":3,"column":7},"end":{"line":9,"column":1}},"loc":{"start":{"line":3,"column":7},"end":{"line":9,"column":1}},"line":3},"1":{"name":"statusKey","decl":{"start":{"line":11,"column":7},"end":{"line":20,"column":1}},"loc":{"start":{"line":11,"column":7},"end":{"line":20,"column":1}},"line":11},"2":{"name":"confColor","decl":{"start":{"line":23,"column":7},"end":{"line":28,"column":1}},"loc":{"start":{"line":23,"column":7},"end":{"line":28,"column":1}},"line":23}},"f":{"0":6,"1":6,"2":10}}
,"C:\\Users\\victo\\Proyectos\\showcase-portfolio\\mise_en_place_sk-PF\\src\\lib\\server\\alert-engine.ts": {"path":"C:\\Users\\victo\\Proyectos\\showcase-portfolio\\mise_en_place_sk-PF\\src\\lib\\server\\alert-engine.ts","all":false,"statementMap":{"5":{"start":{"line":6,"column":0},"end":{"line":6,"column":26}},"6":{"start":{"line":7,"column":0},"end":{"line":7,"column":78}},"7":{"start":{"line":8,"column":0},"end":{"line":8,"column":59}},"10":{"start":{"line":11,"column":0},"end":{"line":11,"column":35}},"11":{"start":{"line":12,"column":0},"end":{"line":12,"column":25}},"19":{"start":{"line":20,"column":0},"end":{"line":20,"column":30}},"20":{"start":{"line":21,"column":0},"end":{"line":21,"column":19}},"21":{"start":{"line":22,"column":0},"end":{"line":22,"column":22}},"22":{"start":{"line":23,"column":0},"end":{"line":23,"column":30}},"23":{"start":{"line":24,"column":0},"end":{"line":24,"column":12}},"24":{"start":{"line":25,"column":0},"end":{"line":25,"column":28}},"26":{"start":{"line":27,"column":0},"end":{"line":27,"column":32}},"27":{"start":{"line":28,"column":0},"end":{"line":28,"column":54}},"28":{"start":{"line":29,"column":0},"end":{"line":29,"column":34}},"29":{"start":{"line":30,"column":0},"end":{"line":30,"column":49}},"31":{"start":{"line":32,"column":0},"end":{"line":32,"column":17}},"32":{"start":{"line":33,"column":0},"end":{"line":33,"column":53}},"33":{"start":{"line":34,"column":0},"end":{"line":34,"column":26}},"34":{"start":{"line":35,"column":0},"end":{"line":35,"column":68}},"35":{"start":{"line":36,"column":0},"end":{"line":36,"column":63}},"36":{"start":{"line":37,"column":0},"end":{"line":37,"column":10}},"37":{"start":{"line":38,"column":0},"end":{"line":38,"column":8}},"38":{"start":{"line":39,"column":0},"end":{"line":39,"column":51}},"39":{"start":{"line":40,"column":0},"end":{"line":40,"column":38}},"40":{"start":{"line":41,"column":0},"end":{"line":41,"column":47}},"41":{"start":{"line":42,"column":0},"end":{"line":42,"column":42}},"42":{"start":{"line":43,"column":0},"end":{"line":43,"column":5}},"43":{"start":{"line":44,"column":0},"end":{"line":44,"column":4}},"44":{"start":{"line":45,"column":0},"end":{"line":45,"column":58}},"45":{"start":{"line":46,"column":0},"end":{"line":46,"column":12}},"46":{"start":{"line":47,"column":0},"end":{"line":47,"column":10}},"48":{"start":{"line":49,"column":0},"end":{"line":49,"column":25}},"50":{"start":{"line":51,"column":0},"end":{"line":51,"column":38}},"51":{"start":{"line":52,"column":0},"end":{"line":52,"column":31}},"53":{"start":{"line":54,"column":0},"end":{"line":54,"column":53}},"54":{"start":{"line":55,"column":0},"end":{"line":55,"column":60}},"56":{"start":{"line":57,"column":0},"end":{"line":57,"column":48}},"57":{"start":{"line":58,"column":0},"end":{"line":58,"column":56}},"59":{"start":{"line":60,"column":0},"end":{"line":60,"column":15}},"60":{"start":{"line":61,"column":0},"end":{"line":61,"column":35}},"61":{"start":{"line":62,"column":0},"end":{"line":62,"column":176}},"62":{"start":{"line":63,"column":0},"end":{"line":63,"column":103}},"63":{"start":{"line":64,"column":0},"end":{"line":64,"column":5}},"64":{"start":{"line":65,"column":0},"end":{"line":65,"column":2}},"66":{"start":{"line":67,"column":0},"end":{"line":67,"column":15}},"67":{"start":{"line":68,"column":0},"end":{"line":68,"column":1}},"69":{"start":{"line":70,"column":0},"end":{"line":70,"column":74}},"70":{"start":{"line":71,"column":0},"end":{"line":71,"column":28}},"72":{"start":{"line":73,"column":0},"end":{"line":73,"column":32}},"73":{"start":{"line":74,"column":0},"end":{"line":74,"column":54}},"74":{"start":{"line":75,"column":0},"end":{"line":75,"column":29}},"76":{"start":{"line":77,"column":0},"end":{"line":77,"column":17}},"77":{"start":{"line":78,"column":0},"end":{"line":78,"column":12}},"78":{"start":{"line":79,"column":0},"end":{"line":79,"column":43}},"79":{"start":{"line":80,"column":0},"end":{"line":80,"column":45}},"80":{"start":{"line":81,"column":0},"end":{"line":81,"column":45}},"81":{"start":{"line":82,"column":0},"end":{"line":82,"column":5}},"82":{"start":{"line":83,"column":0},"end":{"line":83,"column":21}},"83":{"start":{"line":84,"column":0},"end":{"line":84,"column":50}},"84":{"start":{"line":85,"column":0},"end":{"line":85,"column":12}},"85":{"start":{"line":86,"column":0},"end":{"line":86,"column":10}},"87":{"start":{"line":88,"column":0},"end":{"line":88,"column":22}},"88":{"start":{"line":89,"column":0},"end":{"line":89,"column":98}},"90":{"start":{"line":91,"column":0},"end":{"line":91,"column":64}},"91":{"start":{"line":92,"column":0},"end":{"line":92,"column":53}},"92":{"start":{"line":93,"column":0},"end":{"line":93,"column":59}},"94":{"start":{"line":95,"column":0},"end":{"line":95,"column":48}},"96":{"start":{"line":97,"column":0},"end":{"line":97,"column":15}},"97":{"start":{"line":98,"column":0},"end":{"line":98,"column":42}},"98":{"start":{"line":99,"column":0},"end":{"line":99,"column":162}},"99":{"start":{"line":100,"column":0},"end":{"line":100,"column":13}},"100":{"start":{"line":101,"column":0},"end":{"line":101,"column":28}},"101":{"start":{"line":102,"column":0},"end":{"line":102,"column":55}},"102":{"start":{"line":103,"column":0},"end":{"line":103,"column":35}},"103":{"start":{"line":104,"column":0},"end":{"line":104,"column":28}},"104":{"start":{"line":105,"column":0},"end":{"line":105,"column":37}},"105":{"start":{"line":106,"column":0},"end":{"line":106,"column":28}},"106":{"start":{"line":107,"column":0},"end":{"line":107,"column":5}},"107":{"start":{"line":108,"column":0},"end":{"line":108,"column":5}},"108":{"start":{"line":109,"column":0},"end":{"line":109,"column":2}},"110":{"start":{"line":111,"column":0},"end":{"line":111,"column":15}},"111":{"start":{"line":112,"column":0},"end":{"line":112,"column":1}}},"s":{"5":1,"6":1,"7":1,"10":1,"11":1,"19":1,"20":6,"21":6,"22":6,"23":6,"24":6,"26":6,"27":6,"28":6,"29":6,"31":4,"32":4,"33":4,"34":4,"35":4,"36":4,"37":4,"38":4,"39":4,"40":4,"41":4,"42":4,"43":4,"44":4,"45":4,"46":4,"48":4,"50":3,"51":3,"53":3,"54":3,"56":2,"57":6,"59":6,"60":6,"61":6,"62":6,"63":6,"64":6,"66":6,"67":6,"69":1,"70":5,"72":5,"73":5,"74":5,"76":4,"77":4,"78":4,"79":4,"80":4,"81":4,"82":4,"83":4,"84":4,"85":4,"87":4,"88":5,"90":5,"91":5,"92":5,"94":5,"96":1,"97":1,"98":1,"99":1,"100":1,"101":1,"102":1,"103":1,"104":1,"105":1,"106":1,"107":1,"108":1,"110":5,"111":5},"branchMap":{"0":{"type":"branch","line":20,"loc":{"start":{"line":20,"column":7},"end":{"line":68,"column":1}},"locations":[{"start":{"line":20,"column":7},"end":{"line":68,"column":1}}]},"1":{"type":"branch","line":28,"loc":{"start":{"line":28,"column":28},"end":{"line":28,"column":47}},"locations":[{"start":{"line":28,"column":28},"end":{"line":28,"column":47}}]},"2":{"type":"branch","line":30,"loc":{"start":{"line":30,"column":7},"end":{"line":30,"column":40}},"locations":[{"start":{"line":30,"column":7},"end":{"line":30,"column":40}}]},"3":{"type":"branch","line":30,"loc":{"start":{"line":30,"column":40},"end":{"line":30,"column":49}},"locations":[{"start":{"line":30,"column":40},"end":{"line":30,"column":49}}]},"4":{"type":"branch","line":30,"loc":{"start":{"line":30,"column":40},"end":{"line":49,"column":25}},"locations":[{"start":{"line":30,"column":40},"end":{"line":49,"column":25}}]},"5":{"type":"branch","line":49,"loc":{"start":{"line":49,"column":16},"end":{"line":49,"column":25}},"locations":[{"start":{"line":49,"column":16},"end":{"line":49,"column":25}}]},"6":{"type":"branch","line":49,"loc":{"start":{"line":49,"column":16},"end":{"line":52,"column":31}},"locations":[{"start":{"line":49,"column":16},"end":{"line":52,"column":31}}]},"7":{"type":"branch","line":52,"loc":{"start":{"line":52,"column":22},"end":{"line":52,"column":31}},"locations":[{"start":{"line":52,"column":22},"end":{"line":52,"column":31}}]},"8":{"type":"branch","line":52,"loc":{"start":{"line":52,"column":22},"end":{"line":55,"column":60}},"locations":[{"start":{"line":52,"column":22},"end":{"line":55,"column":60}}]},"9":{"type":"branch","line":55,"loc":{"start":{"line":55,"column":51},"end":{"line":55,"column":60}},"locations":[{"start":{"line":55,"column":51},"end":{"line":55,"column":60}}]},"10":{"type":"branch","line":55,"loc":{"start":{"line":55,"column":51},"end":{"line":58,"column":36}},"locations":[{"start":{"line":55,"column":51},"end":{"line":58,"column":36}}]},"11":{"type":"branch","line":58,"loc":{"start":{"line":58,"column":32},"end":{"line":58,"column":47}},"locations":[{"start":{"line":58,"column":32},"end":{"line":58,"column":47}}]},"12":{"type":"branch","line":58,"loc":{"start":{"line":58,"column":36},"end":{"line":58,"column":56}},"locations":[{"start":{"line":58,"column":36},"end":{"line":58,"column":56}}]},"13":{"type":"branch","line":70,"loc":{"start":{"line":70,"column":7},"end":{"line":112,"column":1}},"locations":[{"start":{"line":70,"column":7},"end":{"line":112,"column":1}}]},"14":{"type":"branch","line":74,"loc":{"start":{"line":74,"column":28},"end":{"line":74,"column":47}},"locations":[{"start":{"line":74,"column":28},"end":{"line":74,"column":47}}]},"15":{"type":"branch","line":75,"loc":{"start":{"line":75,"column":20},"end":{"line":75,"column":29}},"locations":[{"start":{"line":75,"column":20},"end":{"line":75,"column":29}}]},"16":{"type":"branch","line":75,"loc":{"start":{"line":75,"column":20},"end":{"line":89,"column":11}},"locations":[{"start":{"line":75,"column":20},"end":{"line":89,"column":11}}]},"17":{"type":"branch","line":89,"loc":{"start":{"line":89,"column":6},"end":{"line":89,"column":27}},"locations":[{"start":{"line":89,"column":6},"end":{"line":89,"column":27}}]},"18":{"type":"branch","line":89,"loc":{"start":{"line":89,"column":27},"end":{"line":89,"column":64}},"locations":[{"start":{"line":89,"column":27},"end":{"line":89,"column":64}}]},"19":{"type":"branch","line":89,"loc":{"start":{"line":89,"column":56},"end":{"line":89,"column":89}},"locations":[{"start":{"line":89,"column":56},"end":{"line":89,"column":89}}]},"20":{"type":"branch","line":89,"loc":{"start":{"line":89,"column":89},"end":{"line":91,"column":62}},"locations":[{"start":{"line":89,"column":89},"end":{"line":91,"column":62}}]},"21":{"type":"branch","line":91,"loc":{"start":{"line":91,"column":50},"end":{"line":91,"column":64}},"locations":[{"start":{"line":91,"column":50},"end":{"line":91,"column":64}}]},"22":{"type":"branch","line":95,"loc":{"start":{"line":95,"column":39},"end":{"line":109,"column":2}},"locations":[{"start":{"line":95,"column":39},"end":{"line":109,"column":2}}]}},"b":{"0":[6],"1":[0],"2":[5],"3":[2],"4":[4],"5":[1],"6":[3],"7":[0],"8":[3],"9":[1],"10":[2],"11":[1],"12":[1],"13":[5],"14":[0],"15":[1],"16":[4],"17":[3],"18":[3],"19":[3],"20":[2],"21":[0],"22":[1]},"fnMap":{"0":{"name":"runPriceShock","decl":{"start":{"line":20,"column":7},"end":{"line":68,"column":1}},"loc":{"start":{"line":20,"column":7},"end":{"line":68,"column":1}},"line":20},"1":{"name":"runStockForecast","decl":{"start":{"line":70,"column":7},"end":{"line":112,"column":1}},"loc":{"start":{"line":70,"column":7},"end":{"line":112,"column":1}},"line":70}},"f":{"0":6,"1":5}}
,"C:\\Users\\victo\\Proyectos\\showcase-portfolio\\mise_en_place_sk-PF\\src\\lib\\server\\db.ts": {"path":"C:\\Users\\victo\\Proyectos\\showcase-portfolio\\mise_en_place_sk-PF\\src\\lib\\server\\db.ts","all":true,"statementMap":{"7":{"start":{"line":8,"column":0},"end":{"line":8,"column":38}},"8":{"start":{"line":9,"column":0},"end":{"line":9,"column":53}},"9":{"start":{"line":10,"column":0},"end":{"line":10,"column":62}},"10":{"start":{"line":11,"column":0},"end":{"line":11,"column":36}},"11":{"start":{"line":12,"column":0},"end":{"line":12,"column":43}},"12":{"start":{"line":13,"column":0},"end":{"line":13,"column":35}},"13":{"start":{"line":14,"column":0},"end":{"line":14,"column":44}},"15":{"start":{"line":16,"column":0},"end":{"line":16,"column":54}},"16":{"start":{"line":17,"column":0},"end":{"line":17,"column":77}},"18":{"start":{"line":19,"column":0},"end":{"line":19,"column":42}},"20":{"start":{"line":21,"column":0},"end":{"line":21,"column":38}},"22":{"start":{"line":23,"column":0},"end":{"line":23,"column":48}},"24":{"start":{"line":25,"column":0},"end":{"line":25,"column":69}},"26":{"start":{"line":27,"column":0},"end":{"line":27,"column":60}}},"s":{"7":0,"8":0,"9":0,"10":0,"11":0,"12":0,"13":0,"15":0,"16":0,"18":0,"20":0,"22":0,"24":0,"26":0},"branchMap":{"0":{"type":"branch","line":1,"loc":{"start":{"line":1,"column":965},"end":{"line":27,"column":60}},"locations":[{"start":{"line":1,"column":965},"end":{"line":27,"column":60}}]}},"b":{"0":[1]},"fnMap":{"0":{"name":"(empty-report)","decl":{"start":{"line":1,"column":965},"end":{"line":27,"column":60}},"loc":{"start":{"line":1,"column":965},"end":{"line":27,"column":60}},"line":1}},"f":{"0":1}}
,"C:\\Users\\victo\\Proyectos\\showcase-portfolio\\mise_en_place_sk-PF\\src\\lib\\server\\extract.ts": {"path":"C:\\Users\\victo\\Proyectos\\showcase-portfolio\\mise_en_place_sk-PF\\src\\lib\\server\\extract.ts","all":false,"statementMap":{"4":{"start":{"line":5,"column":0},"end":{"line":5,"column":39}},"5":{"start":{"line":6,"column":0},"end":{"line":6,"column":29}},"6":{"start":{"line":7,"column":0},"end":{"line":7,"column":44}},"7":{"start":{"line":8,"column":0},"end":{"line":8,"column":53}},"9":{"start":{"line":10,"column":0},"end":{"line":10,"column":181}},"96":{"start":{"line":97,"column":0},"end":{"line":97,"column":71}},"97":{"start":{"line":98,"column":0},"end":{"line":98,"column":20}},"98":{"start":{"line":99,"column":0},"end":{"line":99,"column":20}},"99":{"start":{"line":100,"column":0},"end":{"line":100,"column":19}},"100":{"start":{"line":101,"column":0},"end":{"line":101,"column":2}},"105":{"start":{"line":106,"column":0},"end":{"line":106,"column":38}},"106":{"start":{"line":107,"column":0},"end":{"line":107,"column":67}},"107":{"start":{"line":108,"column":0},"end":{"line":108,"column":56}},"108":{"start":{"line":109,"column":0},"end":{"line":109,"column":28}},"109":{"start":{"line":110,"column":0},"end":{"line":110,"column":46}},"110":{"start":{"line":111,"column":0},"end":{"line":111,"column":12}},"111":{"start":{"line":112,"column":0},"end":{"line":112,"column":40}},"112":{"start":{"line":113,"column":0},"end":{"line":113,"column":86}},"113":{"start":{"line":114,"column":0},"end":{"line":114,"column":29}},"114":{"start":{"line":115,"column":0},"end":{"line":115,"column":3}},"115":{"start":{"line":116,"column":0},"end":{"line":116,"column":1}},"117":{"start":{"line":118,"column":0},"end":{"line":118,"column":36}},"119":{"start":{"line":120,"column":0},"end":{"line":120,"column":71}},"121":{"start":{"line":122,"column":0},"end":{"line":122,"column":54}},"122":{"start":{"line":123,"column":0},"end":{"line":123,"column":36}},"123":{"start":{"line":124,"column":0},"end":{"line":124,"column":6}},"124":{"start":{"line":125,"column":0},"end":{"line":125,"column":48}},"125":{"start":{"line":126,"column":0},"end":{"line":126,"column":78}},"126":{"start":{"line":127,"column":0},"end":{"line":127,"column":4}},"127":{"start":{"line":128,"column":0},"end":{"line":128,"column":62}},"128":{"start":{"line":129,"column":0},"end":{"line":129,"column":34}},"129":{"start":{"line":130,"column":0},"end":{"line":130,"column":82}},"130":{"start":{"line":131,"column":0},"end":{"line":131,"column":10}},"132":{"start":{"line":133,"column":0},"end":{"line":133,"column":33}},"133":{"start":{"line":134,"column":0},"end":{"line":134,"column":2}},"134":{"start":{"line":135,"column":0},"end":{"line":135,"column":1}},"136":{"start":{"line":137,"column":0},"end":{"line":137,"column":90}},"137":{"start":{"line":138,"column":0},"end":{"line":138,"column":67}},"138":{"start":{"line":139,"column":0},"end":{"line":139,"column":49}},"139":{"start":{"line":140,"column":0},"end":{"line":140,"column":56}},"140":{"start":{"line":141,"column":0},"end":{"line":141,"column":51}},"141":{"start":{"line":142,"column":0},"end":{"line":142,"column":1}},"143":{"start":{"line":144,"column":0},"end":{"line":144,"column":43}},"144":{"start":{"line":145,"column":0},"end":{"line":145,"column":28}},"145":{"start":{"line":146,"column":0},"end":{"line":146,"column":33}},"146":{"start":{"line":147,"column":0},"end":{"line":147,"column":36}},"147":{"start":{"line":148,"column":0},"end":{"line":148,"column":80}},"148":{"start":{"line":149,"column":0},"end":{"line":149,"column":33}},"149":{"start":{"line":150,"column":0},"end":{"line":150,"column":2}},"150":{"start":{"line":151,"column":0},"end":{"line":151,"column":16}},"151":{"start":{"line":152,"column":0},"end":{"line":152,"column":1}},"153":{"start":{"line":154,"column":0},"end":{"line":154,"column":63}},"154":{"start":{"line":155,"column":0},"end":{"line":155,"column":23}},"155":{"start":{"line":156,"column":0},"end":{"line":156,"column":24}},"156":{"start":{"line":157,"column":0},"end":{"line":157,"column":59}},"157":{"start":{"line":158,"column":0},"end":{"line":158,"column":7}},"158":{"start":{"line":159,"column":0},"end":{"line":159,"column":21}},"159":{"start":{"line":160,"column":0},"end":{"line":160,"column":17}},"160":{"start":{"line":161,"column":0},"end":{"line":161,"column":19}},"161":{"start":{"line":162,"column":0},"end":{"line":162,"column":54}},"162":{"start":{"line":163,"column":0},"end":{"line":163,"column":56}},"163":{"start":{"line":164,"column":0},"end":{"line":164,"column":58}},"164":{"start":{"line":165,"column":0},"end":{"line":165,"column":84}},"165":{"start":{"line":166,"column":0},"end":{"line":166,"column":3}},"166":{"start":{"line":167,"column":0},"end":{"line":167,"column":2}},"167":{"start":{"line":168,"column":0},"end":{"line":168,"column":17}},"168":{"start":{"line":169,"column":0},"end":{"line":169,"column":1}},"170":{"start":{"line":171,"column":0},"end":{"line":171,"column":26}},"171":{"start":{"line":172,"column":0},"end":{"line":172,"column":22}},"172":{"start":{"line":173,"column":0},"end":{"line":173,"column":28}},"173":{"start":{"line":174,"column":0},"end":{"line":174,"column":17}},"174":{"start":{"line":175,"column":0},"end":{"line":175,"column":30}},"175":{"start":{"line":176,"column":0},"end":{"line":176,"column":87}},"176":{"start":{"line":177,"column":0},"end":{"line":177,"column":21}},"178":{"start":{"line":179,"column":0},"end":{"line":179,"column":38}},"179":{"start":{"line":180,"column":0},"end":{"line":180,"column":97}},"180":{"start":{"line":181,"column":0},"end":{"line":181,"column":48}},"181":{"start":{"line":182,"column":0},"end":{"line":182,"column":60}},"182":{"start":{"line":183,"column":0},"end":{"line":183,"column":37}},"183":{"start":{"line":184,"column":0},"end":{"line":184,"column":66}},"184":{"start":{"line":185,"column":0},"end":{"line":185,"column":31}},"185":{"start":{"line":186,"column":0},"end":{"line":186,"column":5}},"186":{"start":{"line":187,"column":0},"end":{"line":187,"column":9}},"187":{"start":{"line":188,"column":0},"end":{"line":188,"column":68}},"188":{"start":{"line":189,"column":0},"end":{"line":189,"column":58}},"189":{"start":{"line":190,"column":0},"end":{"line":190,"column":62}},"190":{"start":{"line":191,"column":0},"end":{"line":191,"column":37}},"191":{"start":{"line":192,"column":0},"end":{"line":192,"column":49}},"192":{"start":{"line":193,"column":0},"end":{"line":193,"column":31}},"193":{"start":{"line":194,"column":0},"end":{"line":194,"column":5}},"194":{"start":{"line":195,"column":0},"end":{"line":195,"column":2}},"196":{"start":{"line":197,"column":0},"end":{"line":197,"column":34}},"197":{"start":{"line":198,"column":0},"end":{"line":198,"column":6}},"198":{"start":{"line":199,"column":0},"end":{"line":199,"column":45}},"199":{"start":{"line":200,"column":0},"end":{"line":200,"column":10}},"200":{"start":{"line":201,"column":0},"end":{"line":201,"column":72}},"201":{"start":{"line":202,"column":0},"end":{"line":202,"column":2}},"202":{"start":{"line":203,"column":0},"end":{"line":203,"column":1}},"204":{"start":{"line":205,"column":0},"end":{"line":205,"column":37}},"205":{"start":{"line":206,"column":0},"end":{"line":206,"column":18}},"206":{"start":{"line":207,"column":0},"end":{"line":207,"column":30}},"207":{"start":{"line":208,"column":0},"end":{"line":208,"column":30}},"208":{"start":{"line":209,"column":0},"end":{"line":209,"column":54}},"209":{"start":{"line":210,"column":0},"end":{"line":210,"column":49}},"210":{"start":{"line":211,"column":0},"end":{"line":211,"column":51}},"211":{"start":{"line":212,"column":0},"end":{"line":212,"column":1}}},"s":{"4":1,"5":1,"6":1,"7":1,"9":1,"96":1,"97":1,"98":1,"99":1,"100":1,"105":0,"106":0,"107":0,"108":0,"109":0,"110":0,"111":0,"112":0,"113":0,"114":0,"115":0,"117":1,"119":4,"121":4,"122":4,"123":4,"124":4,"125":4,"126":4,"127":4,"128":4,"129":4,"130":4,"132":0,"133":0,"134":4,"136":1,"137":7,"138":7,"139":7,"140":1,"141":1,"143":6,"144":6,"145":6,"146":1,"147":1,"148":1,"149":1,"150":5,"151":5,"153":6,"154":6,"155":6,"156":6,"157":6,"158":6,"159":6,"160":0,"161":0,"162":0,"163":0,"164":0,"165":0,"166":6,"167":0,"168":0,"170":6,"171":6,"172":6,"173":6,"174":6,"175":6,"176":6,"178":6,"179":3,"180":3,"181":1,"182":1,"183":1,"184":1,"185":1,"186":3,"187":2,"188":2,"189":2,"190":2,"191":2,"192":2,"193":2,"194":2,"196":6,"197":6,"198":6,"199":6,"200":1,"201":1,"202":6,"204":6,"205":6,"206":6,"207":6,"208":6,"209":6,"210":6,"211":6},"branchMap":{"0":{"type":"branch","line":120,"loc":{"start":{"line":120,"column":0},"end":{"line":135,"column":1}},"locations":[{"start":{"line":120,"column":0},"end":{"line":135,"column":1}}]},"1":{"type":"branch","line":130,"loc":{"start":{"line":130,"column":24},"end":{"line":130,"column":58}},"locations":[{"start":{"line":130,"column":24},"end":{"line":130,"column":58}}]},"2":{"type":"branch","line":130,"loc":{"start":{"line":130,"column":54},"end":{"line":130,"column":82}},"locations":[{"start":{"line":130,"column":54},"end":{"line":130,"column":82}}]},"3":{"type":"branch","line":131,"loc":{"start":{"line":131,"column":1},"end":{"line":134,"column":2}},"locations":[{"start":{"line":131,"column":1},"end":{"line":134,"column":2}}]},"4":{"type":"branch","line":125,"loc":{"start":{"line":125,"column":37},"end":{"line":126,"column":78}},"locations":[{"start":{"line":125,"column":37},"end":{"line":126,"column":78}}]},"5":{"type":"branch","line":137,"loc":{"start":{"line":137,"column":7},"end":{"line":142,"column":1}},"locations":[{"start":{"line":137,"column":7},"end":{"line":142,"column":1}}]},"6":{"type":"branch","line":139,"loc":{"start":{"line":139,"column":20},"end":{"line":139,"column":49}},"locations":[{"start":{"line":139,"column":20},"end":{"line":139,"column":49}}]},"7":{"type":"branch","line":139,"loc":{"start":{"line":139,"column":47},"end":{"line":140,"column":38}},"locations":[{"start":{"line":139,"column":47},"end":{"line":140,"column":38}}]},"8":{"type":"branch","line":140,"loc":{"start":{"line":140,"column":31},"end":{"line":140,"column":56}},"locations":[{"start":{"line":140,"column":31},"end":{"line":140,"column":56}}]},"9":{"type":"branch","line":140,"loc":{"start":{"line":140,"column":54},"end":{"line":142,"column":1}},"locations":[{"start":{"line":140,"column":54},"end":{"line":142,"column":1}}]},"10":{"type":"branch","line":144,"loc":{"start":{"line":144,"column":0},"end":{"line":152,"column":1}},"locations":[{"start":{"line":144,"column":0},"end":{"line":152,"column":1}}]},"11":{"type":"branch","line":146,"loc":{"start":{"line":146,"column":32},"end":{"line":150,"column":2}},"locations":[{"start":{"line":146,"column":32},"end":{"line":150,"column":2}}]},"12":{"type":"branch","line":148,"loc":{"start":{"line":148,"column":64},"end":{"line":148,"column":78}},"locations":[{"start":{"line":148,"column":64},"end":{"line":148,"column":78}}]},"13":{"type":"branch","line":150,"loc":{"start":{"line":150,"column":1},"end":{"line":152,"column":1}},"locations":[{"start":{"line":150,"column":1},"end":{"line":152,"column":1}}]},"14":{"type":"branch","line":154,"loc":{"start":{"line":154,"column":0},"end":{"line":169,"column":1}},"locations":[{"start":{"line":154,"column":0},"end":{"line":169,"column":1}}]},"15":{"type":"branch","line":160,"loc":{"start":{"line":160,"column":2},"end":{"line":166,"column":3}},"locations":[{"start":{"line":160,"column":2},"end":{"line":166,"column":3}}]},"16":{"type":"branch","line":167,"loc":{"start":{"line":167,"column":1},"end":{"line":169,"column":1}},"locations":[{"start":{"line":167,"column":1},"end":{"line":169,"column":1}}]},"17":{"type":"branch","line":171,"loc":{"start":{"line":171,"column":0},"end":{"line":203,"column":1}},"locations":[{"start":{"line":171,"column":0},"end":{"line":203,"column":1}}]},"18":{"type":"branch","line":179,"loc":{"start":{"line":179,"column":37},"end":{"line":195,"column":2}},"locations":[{"start":{"line":179,"column":37},"end":{"line":195,"column":2}}]},"19":{"type":"branch","line":181,"loc":{"start":{"line":181,"column":47},"end":{"line":187,"column":8}},"locations":[{"start":{"line":181,"column":47},"end":{"line":187,"column":8}}]},"20":{"type":"branch","line":187,"loc":{"start":{"line":187,"column":1},"end":{"line":195,"column":2}},"locations":[{"start":{"line":187,"column":1},"end":{"line":195,"column":2}}]},"21":{"type":"branch","line":189,"loc":{"start":{"line":189,"column":40},"end":{"line":189,"column":58}},"locations":[{"start":{"line":189,"column":40},"end":{"line":189,"column":58}}]},"22":{"type":"branch","line":200,"loc":{"start":{"line":200,"column":1},"end":{"line":202,"column":2}},"locations":[{"start":{"line":200,"column":1},"end":{"line":202,"column":2}}]},"23":{"type":"branch","line":176,"loc":{"start":{"line":176,"column":39},"end":{"line":176,"column":87}},"locations":[{"start":{"line":176,"column":39},"end":{"line":176,"column":87}}]},"24":{"type":"branch","line":176,"loc":{"start":{"line":176,"column":62},"end":{"line":176,"column":85}},"locations":[{"start":{"line":176,"column":62},"end":{"line":176,"column":85}}]},"25":{"type":"branch","line":205,"loc":{"start":{"line":205,"column":0},"end":{"line":212,"column":1}},"locations":[{"start":{"line":205,"column":0},"end":{"line":212,"column":1}}]},"26":{"type":"branch","line":209,"loc":{"start":{"line":209,"column":18},"end":{"line":209,"column":54}},"locations":[{"start":{"line":209,"column":18},"end":{"line":209,"column":54}}]}},"b":{"0":[4],"1":[3],"2":[1],"3":[0],"4":[4],"5":[7],"6":[4],"7":[3],"8":[2],"9":[1],"10":[6],"11":[1],"12":[0],"13":[5],"14":[6],"15":[0],"16":[0],"17":[6],"18":[3],"19":[1],"20":[2],"21":[0],"22":[1],"23":[6],"24":[6],"25":[6],"26":[0]},"fnMap":{"0":{"name":"getGenerateFn","decl":{"start":{"line":106,"column":0},"end":{"line":116,"column":1}},"loc":{"start":{"line":106,"column":0},"end":{"line":116,"column":1}},"line":106},"1":{"name":"classifyPdf","decl":{"start":{"line":120,"column":0},"end":{"line":135,"column":1}},"loc":{"start":{"line":120,"column":0},"end":{"line":135,"column":1}},"line":120},"2":{"name":"classifyFile","decl":{"start":{"line":137,"column":7},"end":{"line":142,"column":1}},"loc":{"start":{"line":137,"column":7},"end":{"line":142,"column":1}},"line":137},"3":{"name":"stripFences","decl":{"start":{"line":144,"column":0},"end":{"line":152,"column":1}},"loc":{"start":{"line":144,"column":0},"end":{"line":152,"column":1}},"line":144},"4":{"name":"withRetry","decl":{"start":{"line":154,"column":0},"end":{"line":169,"column":1}},"loc":{"start":{"line":154,"column":0},"end":{"line":169,"column":1}},"line":154},"5":{"name":"callGemini","decl":{"start":{"line":171,"column":0},"end":{"line":203,"column":1}},"loc":{"start":{"line":171,"column":0},"end":{"line":203,"column":1}},"line":171},"6":{"name":"generateWithRetry","decl":{"start":{"line":176,"column":39},"end":{"line":176,"column":87}},"loc":{"start":{"line":176,"column":39},"end":{"line":176,"column":87}},"line":176},"7":{"name":"extractInvoice","decl":{"start":{"line":205,"column":0},"end":{"line":212,"column":1}},"loc":{"start":{"line":205,"column":0},"end":{"line":212,"column":1}},"line":205}},"f":{"0":0,"1":4,"2":7,"3":6,"4":6,"5":6,"6":6,"7":6}}
,"C:\\Users\\victo\\Proyectos\\showcase-portfolio\\mise_en_place_sk-PF\\src\\lib\\server\\unit-bridge.ts": {"path":"C:\\Users\\victo\\Proyectos\\showcase-portfolio\\mise_en_place_sk-PF\\src\\lib\\server\\unit-bridge.ts","all":false,"statementMap":{"4":{"start":{"line":5,"column":0},"end":{"line":5,"column":26}},"5":{"start":{"line":6,"column":0},"end":{"line":6,"column":43}},"6":{"start":{"line":7,"column":0},"end":{"line":7,"column":38}},"25":{"start":{"line":26,"column":0},"end":{"line":26,"column":33}},"26":{"start":{"line":27,"column":0},"end":{"line":27,"column":17}},"27":{"start":{"line":28,"column":0},"end":{"line":28,"column":22}},"28":{"start":{"line":29,"column":0},"end":{"line":29,"column":41}},"29":{"start":{"line":30,"column":0},"end":{"line":30,"column":32}},"30":{"start":{"line":31,"column":0},"end":{"line":31,"column":53}},"31":{"start":{"line":32,"column":0},"end":{"line":32,"column":59}},"32":{"start":{"line":33,"column":0},"end":{"line":33,"column":3}},"34":{"start":{"line":35,"column":0},"end":{"line":35,"column":28}},"35":{"start":{"line":36,"column":0},"end":{"line":36,"column":22}},"36":{"start":{"line":37,"column":0},"end":{"line":37,"column":21}},"37":{"start":{"line":38,"column":0},"end":{"line":38,"column":13}},"38":{"start":{"line":39,"column":0},"end":{"line":39,"column":63}},"39":{"start":{"line":40,"column":0},"end":{"line":40,"column":62}},"40":{"start":{"line":41,"column":0},"end":{"line":41,"column":16}},"41":{"start":{"line":42,"column":0},"end":{"line":42,"column":11}},"42":{"start":{"line":43,"column":0},"end":{"line":43,"column":24}},"43":{"start":{"line":44,"column":0},"end":{"line":44,"column":9}},"44":{"start":{"line":45,"column":0},"end":{"line":45,"column":7}},"45":{"start":{"line":46,"column":0},"end":{"line":46,"column":57}},"46":{"start":{"line":47,"column":0},"end":{"line":47,"column":48}},"47":{"start":{"line":48,"column":0},"end":{"line":48,"column":42}},"48":{"start":{"line":49,"column":0},"end":{"line":49,"column":4}},"49":{"start":{"line":50,"column":0},"end":{"line":50,"column":3}},"50":{"start":{"line":51,"column":0},"end":{"line":51,"column":11}},"51":{"start":{"line":52,"column":0},"end":{"line":52,"column":9}},"52":{"start":{"line":53,"column":0},"end":{"line":53,"column":29}},"55":{"start":{"line":56,"column":0},"end":{"line":56,"column":40}},"56":{"start":{"line":57,"column":0},"end":{"line":57,"column":61}},"57":{"start":{"line":58,"column":0},"end":{"line":58,"column":2}},"58":{"start":{"line":59,"column":0},"end":{"line":59,"column":13}},"59":{"start":{"line":60,"column":0},"end":{"line":60,"column":1}},"61":{"start":{"line":62,"column":0},"end":{"line":62,"column":34}},"62":{"start":{"line":63,"column":0},"end":{"line":63,"column":22}},"63":{"start":{"line":64,"column":0},"end":{"line":64,"column":18}},"64":{"start":{"line":65,"column":0},"end":{"line":65,"column":64}},"65":{"start":{"line":66,"column":0},"end":{"line":66,"column":38}},"67":{"start":{"line":68,"column":0},"end":{"line":68,"column":59}},"68":{"start":{"line":69,"column":0},"end":{"line":69,"column":40}},"69":{"start":{"line":70,"column":0},"end":{"line":70,"column":54}},"71":{"start":{"line":72,"column":0},"end":{"line":72,"column":30}},"72":{"start":{"line":73,"column":0},"end":{"line":73,"column":74}},"73":{"start":{"line":74,"column":0},"end":{"line":74,"column":3}},"75":{"start":{"line":76,"column":0},"end":{"line":76,"column":60}},"77":{"start":{"line":78,"column":0},"end":{"line":78,"column":42}},"78":{"start":{"line":79,"column":0},"end":{"line":79,"column":40}},"79":{"start":{"line":80,"column":0},"end":{"line":80,"column":11}},"80":{"start":{"line":81,"column":0},"end":{"line":81,"column":12}},"81":{"start":{"line":82,"column":0},"end":{"line":82,"column":38}},"82":{"start":{"line":83,"column":0},"end":{"line":83,"column":34}},"83":{"start":{"line":84,"column":0},"end":{"line":84,"column":105}},"84":{"start":{"line":85,"column":0},"end":{"line":85,"column":110}},"85":{"start":{"line":86,"column":0},"end":{"line":86,"column":5}},"86":{"start":{"line":87,"column":0},"end":{"line":87,"column":3}},"88":{"start":{"line":89,"column":0},"end":{"line":89,"column":23}},"89":{"start":{"line":90,"column":0},"end":{"line":90,"column":106}},"90":{"start":{"line":91,"column":0},"end":{"line":91,"column":4}},"91":{"start":{"line":92,"column":0},"end":{"line":92,"column":72}},"92":{"start":{"line":93,"column":0},"end":{"line":93,"column":4}},"94":{"start":{"line":95,"column":0},"end":{"line":95,"column":38}},"95":{"start":{"line":96,"column":0},"end":{"line":96,"column":1}}},"s":{"4":1,"5":1,"6":1,"25":1,"26":1,"27":1,"28":1,"29":1,"30":1,"31":1,"32":1,"34":1,"35":9,"36":9,"37":9,"38":9,"39":9,"40":9,"41":9,"42":9,"43":9,"44":9,"45":9,"46":9,"47":9,"48":9,"49":9,"50":9,"51":9,"52":9,"55":9,"56":0,"57":0,"58":3,"59":3,"61":1,"62":6,"63":6,"64":6,"65":6,"67":6,"68":7,"69":7,"71":7,"72":2,"73":2,"75":5,"77":7,"78":3,"79":3,"80":3,"81":3,"82":3,"83":3,"84":3,"85":3,"86":3,"88":2,"89":2,"90":2,"91":2,"92":6,"94":6,"95":6},"branchMap":{"0":{"type":"branch","line":35,"loc":{"start":{"line":35,"column":7},"end":{"line":60,"column":1}},"locations":[{"start":{"line":35,"column":7},"end":{"line":60,"column":1}}]},"1":{"type":"branch","line":53,"loc":{"start":{"line":53,"column":14},"end":{"line":53,"column":29}},"locations":[{"start":{"line":53,"column":14},"end":{"line":53,"column":29}}]},"2":{"type":"branch","line":53,"loc":{"start":{"line":53,"column":27},"end":{"line":56,"column":39}},"locations":[{"start":{"line":53,"column":27},"end":{"line":56,"column":39}}]},"3":{"type":"branch","line":56,"loc":{"start":{"line":56,"column":39},"end":{"line":58,"column":2}},"locations":[{"start":{"line":56,"column":39},"end":{"line":58,"column":2}}]},"4":{"type":"branch","line":58,"loc":{"start":{"line":58,"column":1},"end":{"line":60,"column":1}},"locations":[{"start":{"line":58,"column":1},"end":{"line":60,"column":1}}]},"5":{"type":"branch","line":62,"loc":{"start":{"line":62,"column":7},"end":{"line":96,"column":1}},"locations":[{"start":{"line":62,"column":7},"end":{"line":96,"column":1}}]},"6":{"type":"branch","line":68,"loc":{"start":{"line":68,"column":48},"end":{"line":93,"column":2}},"locations":[{"start":{"line":68,"column":48},"end":{"line":93,"column":2}}]},"7":{"type":"branch","line":69,"loc":{"start":{"line":69,"column":21},"end":{"line":69,"column":33}},"locations":[{"start":{"line":69,"column":21},"end":{"line":69,"column":33}}]},"8":{"type":"branch","line":70,"loc":{"start":{"line":70,"column":28},"end":{"line":70,"column":47}},"locations":[{"start":{"line":70,"column":28},"end":{"line":70,"column":47}}]},"9":{"type":"branch","line":72,"loc":{"start":{"line":72,"column":7},"end":{"line":72,"column":29}},"locations":[{"start":{"line":72,"column":7},"end":{"line":72,"column":29}}]},"10":{"type":"branch","line":72,"loc":{"start":{"line":72,"column":29},"end":{"line":74,"column":3}},"locations":[{"start":{"line":72,"column":29},"end":{"line":74,"column":3}}]},"11":{"type":"branch","line":74,"loc":{"start":{"line":74,"column":2},"end":{"line":78,"column":14}},"locations":[{"start":{"line":74,"column":2},"end":{"line":78,"column":14}}]},"12":{"type":"branch","line":78,"loc":{"start":{"line":78,"column":6},"end":{"line":78,"column":41}},"locations":[{"start":{"line":78,"column":6},"end":{"line":78,"column":41}}]},"13":{"type":"branch","line":78,"loc":{"start":{"line":78,"column":41},"end":{"line":87,"column":3}},"locations":[{"start":{"line":78,"column":41},"end":{"line":87,"column":3}}]},"14":{"type":"branch","line":84,"loc":{"start":{"line":84,"column":40},"end":{"line":84,"column":54}},"locations":[{"start":{"line":84,"column":40},"end":{"line":84,"column":54}}]},"15":{"type":"branch","line":84,"loc":{"start":{"line":84,"column":47},"end":{"line":84,"column":105}},"locations":[{"start":{"line":84,"column":47},"end":{"line":84,"column":105}}]},"16":{"type":"branch","line":85,"loc":{"start":{"line":85,"column":42},"end":{"line":85,"column":56}},"locations":[{"start":{"line":85,"column":42},"end":{"line":85,"column":56}}]},"17":{"type":"branch","line":87,"loc":{"start":{"line":87,"column":2},"end":{"line":92,"column":72}},"locations":[{"start":{"line":87,"column":2},"end":{"line":92,"column":72}}]}},"b":{"0":[9],"1":[6],"2":[3],"3":[0],"4":[3],"5":[6],"6":[7],"7":[1],"8":[0],"9":[6],"10":[2],"11":[5],"12":[3],"13":[3],"14":[1],"15":[2],"16":[0],"17":[2]},"fnMap":{"0":{"name":"resolveUnit","decl":{"start":{"line":35,"column":7},"end":{"line":60,"column":1}},"loc":{"start":{"line":35,"column":7},"end":{"line":60,"column":1}},"line":35},"1":{"name":"annotateLineItems","decl":{"start":{"line":62,"column":7},"end":{"line":96,"column":1}},"loc":{"start":{"line":62,"column":7},"end":{"line":96,"column":1}},"line":62}},"f":{"0":9,"1":6}}
}
